
1 | 1709039172598 | global | pages.BankEazyApp | main
-----------Welcome to BankEazy Bank------------

1 | 1709039172645 | global | pages.BankEazyApp | main

1)Login
Any other digit)Exit

Enter your option to proceed : 

1 | 1709039175449 | global | pages.LoginPage | run
Enter User Id : 

1 | 1709039271730 | global | pages.LoginPage | run
Enter password : 

1 | 1709039292898 | global | pages.CustomerPage | run
------------Hello Customer!!!-------------

1 | 1709039292905 | global | pages.CustomerPage | run
Select Account : 

1 | 1709039292905 | global | pages.CustomerPage | printAccounts
SI.NO                   Account Details

1 | 1709039292924 | global | pages.CustomerPage | printAccounts
1                          Account [accountNo=1000000000000001, customerId=5, balance=1000.0, branchId=1, status=Active]

1 | 1709039292925 | global | pages.CustomerPage | printAccounts
2                          Account [accountNo=1000000000000002, customerId=5, balance=1000.0, branchId=1, status=Active]

1 | 1709039318671 | global | pages.CustomerPage | run
1) Deposit Amount
2) Withdraw Amount
3) Transfer Amount
4) View Transaction History
5) View Profile
6) Edit Profile
7) Logout

1 | 1709039318672 | global | pages.CustomerPage | run
Enter your choice : 

1 | 1709039330914 | global | pages.DepositAmountPage | run
Enter Amount to deposit : 

1 | 1709039335580 | global | pages.DepositAmountPage | run
Enter your password : 

1 | 1709039341528 | global | pages.DepositAmountPage | run
Amount deposited successfully!!!

1 | 1709039341533 | global | pages.CustomerPage | run
Select Account : 

1 | 1709039341533 | global | pages.CustomerPage | printAccounts
SI.NO                   Account Details

1 | 1709039341534 | global | pages.CustomerPage | printAccounts
1                          Account [accountNo=1000000000000001, customerId=5, balance=1500.0, branchId=1, status=Active]

1 | 1709039341534 | global | pages.CustomerPage | printAccounts
2                          Account [accountNo=1000000000000002, customerId=5, balance=1000.0, branchId=1, status=Active]

1 | 1709039438874 | global | pages.CustomerPage | run
1) Deposit Amount
2) Withdraw Amount
3) Transfer Amount
4) View Transaction History
5) View Profile
6) Edit Profile
7) Logout

1 | 1709039438875 | global | pages.CustomerPage | run
Enter your choice : 

1 | 1709039441355 | global | pages.CustomerPage | run
Thank you!

1 | 1709039441355 | global | pages.BankEazyApp | main
-----------Welcome to BankEazy Bank------------

1 | 1709039441356 | global | pages.BankEazyApp | main

1)Login
Any other digit)Exit

Enter your option to proceed : 

1 | 1709039450889 | global | pages.BankEazyApp | main
Thanks you! Come again!!

1 | 1709039459706 | global | pages.BankEazyApp | main
-----------Welcome to BankEazy Bank------------

1 | 1709039459746 | global | pages.BankEazyApp | main

1)Login
Any other digit)Exit

Enter your option to proceed : 

1 | 1709039463204 | global | pages.LoginPage | run
Enter User Id : 

1 | 1709039465331 | global | pages.LoginPage | run
Enter password : 

1 | 1709039471099 | global | pages.CustomerPage | run
------------Hello Customer!!!-------------

1 | 1709039471105 | global | pages.CustomerPage | run
Select Account : 

1 | 1709039471105 | global | pages.CustomerPage | printAccounts
SI.NO                   Account Details

1 | 1709039471124 | global | pages.CustomerPage | printAccounts
1                          Account [accountNo=1000000000000001, customerId=5, balance=1500.0, branchId=1, status=Active]

1 | 1709039471125 | global | pages.CustomerPage | printAccounts
2                          Account [accountNo=1000000000000002, customerId=5, balance=1000.0, branchId=1, status=Active]

1 | 1709039475261 | global | pages.CustomerPage | run
1) Deposit Amount
2) Withdraw Amount
3) Transfer Amount
4) View Transaction History
5) View Profile
6) Edit Profile
7) Logout

1 | 1709039475262 | global | pages.CustomerPage | run
Enter your choice : 

1 | 1709039477168 | global | pages.WithdrawAmountPage | run
Enter Amount to Withdraw : 

1 | 1709039481435 | global | pages.WithdrawAmountPage | run
Enter your password : 

1 | 1709039486310 | global | pages.WithdrawAmountPage | run
Amount withdrawn successfull!!! You can collect your cash.!

1 | 1709039486314 | global | pages.CustomerPage | run
Select Account : 

1 | 1709039486314 | global | pages.CustomerPage | printAccounts
SI.NO                   Account Details

1 | 1709039486314 | global | pages.CustomerPage | printAccounts
1                          Account [accountNo=1000000000000001, customerId=5, balance=1250.0, branchId=1, status=Active]

1 | 1709039486315 | global | pages.CustomerPage | printAccounts
2                          Account [accountNo=1000000000000002, customerId=5, balance=1000.0, branchId=1, status=Active]

1 | 1709039532075 | global | pages.CustomerPage | run
1) Deposit Amount
2) Withdraw Amount
3) Transfer Amount
4) View Transaction History
5) View Profile
6) Edit Profile
7) Logout

1 | 1709039532076 | global | pages.CustomerPage | run
Enter your choice : 

1 | 1709039534575 | global | pages.CustomerPage | run
Thank you!

1 | 1709039534576 | global | pages.BankEazyApp | main
-----------Welcome to BankEazy Bank------------

1 | 1709039534576 | global | pages.BankEazyApp | main

1)Login
Any other digit)Exit

Enter your option to proceed : 

1 | 1709039546374 | global | pages.BankEazyApp | main
Thanks you! Come again!!
